TN:
SF:src\app.ts
FN:29,sum
FN:33,isEven
FN:37,divide
FN:43,multiple
FNF:4
FNH:4
FNDA:1,sum
FNDA:2,isEven
FNDA:3,divide
FNDA:3,multiple
DA:1,1
DA:2,1
DA:3,1
DA:4,1
DA:5,1
DA:6,1
DA:7,1
DA:8,1
DA:9,1
DA:10,1
DA:11,1
DA:12,1
DA:13,1
DA:14,1
DA:15,1
DA:16,1
DA:17,1
DA:18,1
DA:19,1
DA:20,1
DA:21,1
DA:22,1
DA:23,1
DA:24,1
DA:25,1
DA:26,1
DA:27,1
DA:28,1
DA:29,1
DA:30,1
DA:31,1
DA:32,1
DA:33,2
DA:34,2
DA:35,2
DA:36,1
DA:37,3
DA:38,3
DA:39,2
DA:40,2
DA:41,2
DA:42,1
DA:43,3
DA:44,3
DA:45,3
LF:45
LH:45
BRDA:29,0,0,1
BRDA:33,1,0,2
BRDA:37,2,0,3
BRDA:38,3,0,1
BRDA:39,4,0,2
BRDA:43,5,0,3
BRF:6
BRH:6
end_of_record
